[2026-04-09 02:12:29] ======================================================
[2026-04-09 02:12:29]   Git Setup - Python DE Journey
[2026-04-09 02:12:29] ======================================================
[2026-04-09 02:12:30] Git: git version 2.47.1.windows.2
[2026-04-09 02:12:30] ------------------------------------------------------
[2026-04-09 02:12:30] Configuring Git globals...
[2026-04-09 02:12:31] Git globals:
[2026-04-09 02:12:31]   user.name  = coolaries26
[2026-04-09 02:12:31]   user.email = kashyapalok@yahoo.com
[2026-04-09 02:12:31] ------------------------------------------------------
[2026-04-09 02:12:31] Generating SSH key for GitHub...
[2026-04-09 02:12:45] ======================================================
[2026-04-09 02:12:45]   Git Setup - Python DE Journey
[2026-04-09 02:12:45] ======================================================
[2026-04-09 02:12:45] Git: git version 2.47.1.windows.2
[2026-04-09 02:12:45] ------------------------------------------------------
[2026-04-09 02:12:45] Configuring Git globals...
[2026-04-09 02:12:46] Git globals:
[2026-04-09 02:12:46]   user.name  = coolaries26
[2026-04-09 02:12:47]   user.email = kashyapalok@yahoo.com
[2026-04-09 02:12:47] ------------------------------------------------------
[2026-04-09 02:12:47] Generating SSH key for GitHub...
[2026-04-09 02:12:47] SSH key generated: C:\Users\Lenovo\.ssh\id_ed25519_github
[2026-04-09 02:12:47] 
[2026-04-09 02:12:47] Add this public key to GitHub - Settings - SSH Keys:
[2026-04-09 02:12:47] ------------------------------------------------------------
[2026-04-09 02:12:47] ------------------------------------------------------------
[2026-04-09 02:12:47] GitHub URL: https://github.com/settings/ssh/new
[2026-04-09 02:12:47] ------------------------------------------------------
[2026-04-09 02:13:02] ======================================================
[2026-04-09 02:13:02]   Git Setup - Python DE Journey
[2026-04-09 02:13:02] ======================================================
[2026-04-09 02:13:02] Git: git version 2.47.1.windows.2
[2026-04-09 02:13:02] ------------------------------------------------------
[2026-04-09 02:13:02] Configuring Git globals...
[2026-04-09 02:13:03] Git globals:
[2026-04-09 02:13:03]   user.name  = coolaries26
[2026-04-09 02:13:03]   user.email = kashyapalok@yahoo.com
[2026-04-09 02:13:03] ------------------------------------------------------
[2026-04-09 02:13:03] SSH key already exists: C:\Users\Lenovo\.ssh\id_ed25519_github
[2026-04-09 02:13:03] ------------------------------------------------------
[2026-04-09 02:13:17] ======================================================
[2026-04-09 02:13:17]   Git Setup - Python DE Journey
[2026-04-09 02:13:17] ======================================================
[2026-04-09 02:13:17] Git: git version 2.47.1.windows.2
[2026-04-09 02:13:17] ------------------------------------------------------
[2026-04-09 02:13:17] Configuring Git globals...
[2026-04-09 02:13:18] Git globals:
[2026-04-09 02:13:18]   user.name  = coolaries26
[2026-04-09 02:13:18]   user.email = kashyapalok@yahoo.com
[2026-04-09 02:13:18] ------------------------------------------------------
[2026-04-09 02:13:18] SSH key already exists: C:\Users\Lenovo\.ssh\id_ed25519_github
[2026-04-09 02:13:18] ------------------------------------------------------
[2026-04-09 02:13:36] ======================================================
[2026-04-09 02:13:36]   Git Setup - Python DE Journey
[2026-04-09 02:13:36] ======================================================
[2026-04-09 02:13:36] Git: git version 2.47.1.windows.2
[2026-04-09 02:13:36] ------------------------------------------------------
[2026-04-09 02:13:36] Configuring Git globals...
[2026-04-09 02:13:37] Git globals:
[2026-04-09 02:13:37]   user.name  = coolaries26
[2026-04-09 02:13:37]   user.email = kashyapalok@yahoo.com
[2026-04-09 02:13:37] ------------------------------------------------------
[2026-04-09 02:13:37] SSH key already exists: C:\Users\Lenovo\.ssh\id_ed25519_github
[2026-04-09 02:13:37] ------------------------------------------------------
[2026-04-09 02:14:12] ======================================================
[2026-04-09 02:14:12]   Git Setup - Python DE Journey
[2026-04-09 02:14:12] ======================================================
[2026-04-09 02:14:12] Git: git version 2.47.1.windows.2
[2026-04-09 02:14:12] ------------------------------------------------------
[2026-04-09 02:14:12] Configuring Git globals...
[2026-04-09 02:14:12] Git globals:
[2026-04-09 02:14:13]   user.name  = coolaries26
[2026-04-09 02:14:13]   user.email = kashyapalok@yahoo.com
[2026-04-09 02:14:13] ------------------------------------------------------
[2026-04-09 02:14:13] SSH key already exists: C:\Users\Lenovo\.ssh\id_ed25519_github
[2026-04-09 02:14:13] ------------------------------------------------------
[2026-04-09 20:50:33] ======================================================
[2026-04-09 20:50:33]   Git Setup - Python DE Journey
[2026-04-09 20:50:33] ======================================================
[2026-04-09 20:50:33] Git: git version 2.47.1.windows.2
[2026-04-09 20:50:33] ------------------------------------------------------
[2026-04-09 20:50:33] Configuring Git globals...
[2026-04-09 20:50:33] Git globals:
[2026-04-09 20:50:33]   user.name  = coolaries26
[2026-04-09 20:50:33]   user.email = kashyapalok@yahoo.com
[2026-04-09 20:50:33] ------------------------------------------------------
[2026-04-09 20:50:33] SSH key already exists: C:\Users\Lenovo\.ssh\id_ed25519_github
[2026-04-09 20:50:33] ------------------------------------------------------
